x:\documentos\github\proyecto-final_computacion-grafica\codigo_fuente\debug\vc142.pdb
x:\documentos\github\proyecto-final_computacion-grafica\codigo_fuente\debug\vc142.idb
x:\documentos\github\proyecto-final_computacion-grafica\codigo_fuente\debug\window.obj
x:\documentos\github\proyecto-final_computacion-grafica\codigo_fuente\debug\texture.obj
x:\documentos\github\proyecto-final_computacion-grafica\codigo_fuente\debug\spotlight.obj
x:\documentos\github\proyecto-final_computacion-grafica\codigo_fuente\debug\sphere.obj
x:\documentos\github\proyecto-final_computacion-grafica\codigo_fuente\debug\skybox.obj
x:\documentos\github\proyecto-final_computacion-grafica\codigo_fuente\debug\shader_light.obj
x:\documentos\github\proyecto-final_computacion-grafica\codigo_fuente\debug\proyecto_final.obj
x:\documentos\github\proyecto-final_computacion-grafica\codigo_fuente\debug\pointlight.obj
x:\documentos\github\proyecto-final_computacion-grafica\codigo_fuente\debug\model.obj
x:\documentos\github\proyecto-final_computacion-grafica\codigo_fuente\debug\mesh_tn.obj
x:\documentos\github\proyecto-final_computacion-grafica\codigo_fuente\debug\material.obj
x:\documentos\github\proyecto-final_computacion-grafica\codigo_fuente\debug\light.obj
x:\documentos\github\proyecto-final_computacion-grafica\codigo_fuente\debug\directionallight.obj
x:\documentos\github\proyecto-final_computacion-grafica\codigo_fuente\debug\camera.obj
x:\documentos\github\proyecto-final_computacion-grafica\codigo_fuente\debug\proyecto_final.exe
x:\documentos\github\proyecto-final_computacion-grafica\codigo_fuente\debug\proyecto_final.ilk
x:\documentos\github\proyecto-final_computacion-grafica\codigo_fuente\debug\proyecto_final.pdb
x:\documentos\github\proyecto-final_computacion-grafica\codigo_fuente\debug\proyecto_final.tlog\cl.command.1.tlog
x:\documentos\github\proyecto-final_computacion-grafica\codigo_fuente\debug\proyecto_final.tlog\cl.read.1.tlog
x:\documentos\github\proyecto-final_computacion-grafica\codigo_fuente\debug\proyecto_final.tlog\cl.write.1.tlog
x:\documentos\github\proyecto-final_computacion-grafica\codigo_fuente\debug\proyecto_final.tlog\link.command.1.tlog
x:\documentos\github\proyecto-final_computacion-grafica\codigo_fuente\debug\proyecto_final.tlog\link.read.1.tlog
x:\documentos\github\proyecto-final_computacion-grafica\codigo_fuente\debug\proyecto_final.tlog\link.write.1.tlog
