  Camera.cpp
  DirectionalLight.cpp
C:\Users\drago\Documents\GitHub\Proyecto-Final_Computacion-Grafica\Codigo_fuente\DirectionalLight.cpp(18,14): warning C4244: 'argumento': conversión de 'GLfloat' a 'GLint'; posible pérdida de datos
C:\Users\drago\Documents\GitHub\Proyecto-Final_Computacion-Grafica\Codigo_fuente\DirectionalLight.cpp(19,14): warning C4244: 'argumento': conversión de 'GLfloat' a 'GLint'; posible pérdida de datos
C:\Users\drago\Documents\GitHub\Proyecto-Final_Computacion-Grafica\Codigo_fuente\DirectionalLight.cpp(21,14): warning C4244: 'argumento': conversión de 'GLfloat' a 'GLint'; posible pérdida de datos
C:\Users\drago\Documents\GitHub\Proyecto-Final_Computacion-Grafica\Codigo_fuente\DirectionalLight.cpp(22,14): warning C4244: 'argumento': conversión de 'GLfloat' a 'GLint'; posible pérdida de datos
  Light.cpp
  Material.cpp
  Mesh_tn.cpp
  Model.cpp
C:\Users\drago\Documents\GitHub\Proyecto-Final_Computacion-Grafica\Codigo_fuente\Model.cpp(16,10): warning C4477: 'printf' : la cadena de formato '%s' requiere un argumento de tipo 'char *', pero el argumento variádico 1 tiene el tipo 'const std::string'
C:\Users\drago\Documents\GitHub\Proyecto-Final_Computacion-Grafica\Codigo_fuente\Model.cpp(16,80): warning C4474: "printf": se pasaron demasiados argumentos para la cadena de formato
C:\Users\drago\Documents\GitHub\Proyecto-Final_Computacion-Grafica\Codigo_fuente\Model.cpp(16,80): message : los marcadores de posición y sus parámetros esperan 1 argumentos variádicos, pero se proporcionaron 2
C:\Users\drago\Documents\GitHub\Proyecto-Final_Computacion-Grafica\Codigo_fuente\Model.cpp(51,7): warning C4804: '<': uso no seguro del tipo 'bool' en la operación
C:\Users\drago\Documents\GitHub\Proyecto-Final_Computacion-Grafica\Codigo_fuente\Model.cpp(51,21): warning C4018: '<': no coinciden signed/unsigned
C:\Users\drago\Documents\GitHub\Proyecto-Final_Computacion-Grafica\Codigo_fuente\Model.cpp(138,14): warning C4477: 'printf' : la cadena de formato '%s' requiere un argumento de tipo 'char *', pero el argumento variádico 1 tiene el tipo 'std::string'
C:\Users\drago\Documents\GitHub\Proyecto-Final_Computacion-Grafica\Codigo_fuente\Model.cpp(147,14): warning C4477: 'printf' : la cadena de formato '%s' requiere un argumento de tipo 'char *', pero el argumento variádico 1 tiene el tipo 'std::string'
  PointLight.cpp
C:\Users\drago\Documents\GitHub\Proyecto-Final_Computacion-Grafica\Codigo_fuente\PointLight.cpp(28,14): warning C4244: 'argumento': conversión de 'GLfloat' a 'GLint'; posible pérdida de datos
C:\Users\drago\Documents\GitHub\Proyecto-Final_Computacion-Grafica\Codigo_fuente\PointLight.cpp(29,14): warning C4244: 'argumento': conversión de 'GLfloat' a 'GLint'; posible pérdida de datos
C:\Users\drago\Documents\GitHub\Proyecto-Final_Computacion-Grafica\Codigo_fuente\PointLight.cpp(30,14): warning C4244: 'argumento': conversión de 'GLfloat' a 'GLint'; posible pérdida de datos
C:\Users\drago\Documents\GitHub\Proyecto-Final_Computacion-Grafica\Codigo_fuente\PointLight.cpp(32,14): warning C4244: 'argumento': conversión de 'GLfloat' a 'GLint'; posible pérdida de datos
C:\Users\drago\Documents\GitHub\Proyecto-Final_Computacion-Grafica\Codigo_fuente\PointLight.cpp(33,14): warning C4244: 'argumento': conversión de 'GLfloat' a 'GLint'; posible pérdida de datos
C:\Users\drago\Documents\GitHub\Proyecto-Final_Computacion-Grafica\Codigo_fuente\PointLight.cpp(34,14): warning C4244: 'argumento': conversión de 'GLfloat' a 'GLint'; posible pérdida de datos
C:\Users\drago\Documents\GitHub\Proyecto-Final_Computacion-Grafica\Codigo_fuente\PointLight.cpp(35,14): warning C4244: 'argumento': conversión de 'GLfloat' a 'GLint'; posible pérdida de datos
  Proyecto_final.cpp
C:\Users\drago\Documents\GitHub\Proyecto-Final_Computacion-Grafica\Codigo_fuente\Window.h(12,36): warning C4244: 'return': conversión de 'GLint' a 'GLfloat'; posible pérdida de datos
C:\Users\drago\Documents\GitHub\Proyecto-Final_Computacion-Grafica\Codigo_fuente\Window.h(13,37): warning C4244: 'return': conversión de 'GLint' a 'GLfloat'; posible pérdida de datos
C:\Users\drago\Documents\GitHub\Proyecto-Final_Computacion-Grafica\Codigo_fuente\Proyecto_final.cpp(860,23): warning C4305: '+=': truncamiento de 'double' a 'float'
C:\Users\drago\Documents\GitHub\Proyecto-Final_Computacion-Grafica\Codigo_fuente\Proyecto_final.cpp(871,23): warning C4305: '-=': truncamiento de 'double' a 'float'
C:\Users\drago\Documents\GitHub\Proyecto-Final_Computacion-Grafica\Codigo_fuente\Proyecto_final.cpp(1141,15): warning C4244: 'inicializando': conversión de 'double' a 'GLfloat'; posible pérdida de datos
C:\Users\drago\Documents\GitHub\Proyecto-Final_Computacion-Grafica\Codigo_fuente\Proyecto_final.cpp(1143,43): warning C4244: '+=': conversión de 'double' a 'GLfloat'; posible pérdida de datos
C:\Users\drago\Documents\GitHub\Proyecto-Final_Computacion-Grafica\Codigo_fuente\Proyecto_final.cpp(1758,20): warning C4305: '+=': truncamiento de 'double' a 'float'
C:\Users\drago\Documents\GitHub\Proyecto-Final_Computacion-Grafica\Codigo_fuente\Proyecto_final.cpp(1759,20): warning C4305: '-=': truncamiento de 'double' a 'float'
  Shader_light.cpp
C:\Users\drago\Documents\GitHub\Proyecto-Final_Computacion-Grafica\Codigo_fuente\Shader_light.cpp(215,75): warning C4244: 'argumento': conversión de 'GLuint' a 'GLfloat'; posible pérdida de datos
C:\Users\drago\Documents\GitHub\Proyecto-Final_Computacion-Grafica\Codigo_fuente\Shader_light.cpp(215,26): warning C4244: 'argumento': conversión de 'GLuint' a 'GLfloat'; posible pérdida de datos
C:\Users\drago\Documents\GitHub\Proyecto-Final_Computacion-Grafica\Codigo_fuente\Shader_light.cpp(214,91): warning C4244: 'argumento': conversión de 'GLuint' a 'GLfloat'; posible pérdida de datos
C:\Users\drago\Documents\GitHub\Proyecto-Final_Computacion-Grafica\Codigo_fuente\Shader_light.cpp(214,42): warning C4244: 'argumento': conversión de 'GLuint' a 'GLfloat'; posible pérdida de datos
C:\Users\drago\Documents\GitHub\Proyecto-Final_Computacion-Grafica\Codigo_fuente\Shader_light.cpp(228,98): warning C4244: 'argumento': conversión de 'GLuint' a 'GLfloat'; posible pérdida de datos
C:\Users\drago\Documents\GitHub\Proyecto-Final_Computacion-Grafica\Codigo_fuente\Shader_light.cpp(228,62): warning C4244: 'argumento': conversión de 'GLuint' a 'GLfloat'; posible pérdida de datos
C:\Users\drago\Documents\GitHub\Proyecto-Final_Computacion-Grafica\Codigo_fuente\Shader_light.cpp(228,24): warning C4244: 'argumento': conversión de 'GLuint' a 'GLfloat'; posible pérdida de datos
C:\Users\drago\Documents\GitHub\Proyecto-Final_Computacion-Grafica\Codigo_fuente\Shader_light.cpp(227,70): warning C4244: 'argumento': conversión de 'GLuint' a 'GLfloat'; posible pérdida de datos
C:\Users\drago\Documents\GitHub\Proyecto-Final_Computacion-Grafica\Codigo_fuente\Shader_light.cpp(227,24): warning C4244: 'argumento': conversión de 'GLuint' a 'GLfloat'; posible pérdida de datos
C:\Users\drago\Documents\GitHub\Proyecto-Final_Computacion-Grafica\Codigo_fuente\Shader_light.cpp(226,88): warning C4244: 'argumento': conversión de 'GLuint' a 'GLfloat'; posible pérdida de datos
C:\Users\drago\Documents\GitHub\Proyecto-Final_Computacion-Grafica\Codigo_fuente\Shader_light.cpp(226,42): warning C4244: 'argumento': conversión de 'GLuint' a 'GLfloat'; posible pérdida de datos
  Skybox.cpp
  Sphere.cpp
C:\Users\drago\Documents\GitHub\Proyecto-Final_Computacion-Grafica\Codigo_fuente\Sphere.cpp(39,13): warning C4244: 'inicializando': conversión de 'double' a 'float'; posible pérdida de datos
C:\Users\drago\Documents\GitHub\Proyecto-Final_Computacion-Grafica\Codigo_fuente\Sphere.cpp(43,16): warning C4244: 'inicializando': conversión de 'double' a 'float'; posible pérdida de datos
  SpotLight.cpp
  Texture.cpp
  Window.cpp
C:\Users\drago\Documents\GitHub\Proyecto-Final_Computacion-Grafica\Codigo_fuente\Window.h(12,36): warning C4244: 'return': conversión de 'GLint' a 'GLfloat'; posible pérdida de datos
C:\Users\drago\Documents\GitHub\Proyecto-Final_Computacion-Grafica\Codigo_fuente\Window.h(13,37): warning C4244: 'return': conversión de 'GLint' a 'GLfloat'; posible pérdida de datos
C:\Users\drago\Documents\GitHub\Proyecto-Final_Computacion-Grafica\Codigo_fuente\Window.cpp(136,22): warning C4244: '=': conversión de 'double' a 'GLfloat'; posible pérdida de datos
C:\Users\drago\Documents\GitHub\Proyecto-Final_Computacion-Grafica\Codigo_fuente\Window.cpp(137,22): warning C4244: '=': conversión de 'double' a 'GLfloat'; posible pérdida de datos
C:\Users\drago\Documents\GitHub\Proyecto-Final_Computacion-Grafica\Codigo_fuente\Window.cpp(141,28): warning C4244: '=': conversión de 'double' a 'GLfloat'; posible pérdida de datos
C:\Users\drago\Documents\GitHub\Proyecto-Final_Computacion-Grafica\Codigo_fuente\Window.cpp(142,40): warning C4244: '=': conversión de 'double' a 'GLfloat'; posible pérdida de datos
C:\Users\drago\Documents\GitHub\Proyecto-Final_Computacion-Grafica\Codigo_fuente\Window.cpp(144,21): warning C4244: '=': conversión de 'double' a 'GLfloat'; posible pérdida de datos
C:\Users\drago\Documents\GitHub\Proyecto-Final_Computacion-Grafica\Codigo_fuente\Window.cpp(145,21): warning C4244: '=': conversión de 'double' a 'GLfloat'; posible pérdida de datos
  Generando código...
C:\Users\drago\Documents\GitHub\Proyecto-Final_Computacion-Grafica\Codigo_fuente\Window.cpp(79): warning C4715: 'Window::Initialise': no todas las rutas de acceso de control devuelven un valor
LINK : warning LNK4098: la biblioteca predeterminada'MSVCRT' entra en conflicto con otras bibliotecas; use la biblioteca /NODEFAULTLIB:biblioteca
  Proyecto_final.vcxproj -> C:\Users\drago\Documents\GitHub\Proyecto-Final_Computacion-Grafica\Codigo_fuente\Debug\Proyecto_final.exe
